#
# There is insufficient memory for the Java Runtime Environment to continue.
# Native memory allocation (malloc) failed to allocate 207856 bytes. Error detail: Chunk::new
# Possible reasons:
#   The system is out of physical RAM or swap space
#   This process is running with CompressedOops enabled, and the Java Heap may be blocking the growth of the native heap
# Possible solutions:
#   Reduce memory load on the system
#   Increase physical memory or swap space
#   Check if swap backing store is full
#   Decrease Java heap size (-Xmx/-Xms)
#   Decrease number of Java threads
#   Decrease Java thread stack sizes (-Xss)
#   Set larger code cache with -XX:ReservedCodeCacheSize=
#   JVM is running with Unscaled Compressed Oops mode in which the Java heap is
#     placed in the first 4GB address space. The Java Heap base address is the
#     maximum limit for the native heap growth. Please use -XX:HeapBaseMinAddress
#     to set the Java Heap base and to place the Java Heap above 4GB virtual address.
# This output file may be truncated or incomplete.
#
#  Out of Memory Error (arena.cpp:168), pid=28488, tid=9148
#
# JRE version: OpenJDK Runtime Environment (21.0.3) (build 21.0.3+-12282718-b509.11)
# Java VM: OpenJDK 64-Bit Server VM (21.0.3+-12282718-b509.11, mixed mode, tiered, compressed oops, compressed class ptrs, g1 gc, windows-amd64)
# No core dump will be written. Minidumps are not enabled by default on client versions of Windows
#

---------------  S U M M A R Y ------------

Command Line: -Djava.awt.headless=true -Djava.util.logging.config.file=C:\Users\Juan Diego Cordoba F\.android\utp\logging9577975809271927598properties -Dfile.encoding=UTF-8 com.google.testing.platform.launcher.Launcher C:\Users\Juan Diego Cordoba F\.gradle\caches\modules-2\files-2.1\com.google.testing.platform\core\0.0.9-alpha02\8d72767495b76dfdfe1a4f02bab67cb035da816d\core-0.0.9-alpha02.jar --proto_config=C:\Users\Juan Diego Cordoba F\.android\utp\runnerConfig18154472166842740901.pb --proto_server_config=C:\Users\Juan Diego Cordoba F\.android\utp\serverConfig15296563333724745551.pb

Host: Intel(R) Core(TM) i5-10210U CPU @ 1.60GHz, 8 cores, 7G,  Windows 11 , 64 bit Build 26100 (10.0.26100.3912)
Time: Sun May 11 22:58:12 2025 Hora est. Pacífico, Sudamérica elapsed time: 17.475768 seconds (0d 0h 0m 17s)

---------------  T H R E A D  ---------------

Current thread (0x000001feea0ee560):  JavaThread "C2 CompilerThread0" daemon [_thread_in_native, id=9148, stack(0x000000da9cf00000,0x000000da9d000000) (1024K)]


Current CompileTask:
C2:  17475  823 % !   4       java.util.concurrent.ConcurrentHashMap::transfer @ 96 (849 bytes)

Stack: [0x000000da9cf00000,0x000000da9d000000]
Native frames: (J=compiled Java code, j=interpreted, Vv=VM code, C=native code)
V  [jvm.dll+0x6cafb9]
V  [jvm.dll+0x858523]
V  [jvm.dll+0x85aa7e]
V  [jvm.dll+0x85b163]
V  [jvm.dll+0x27d356]
V  [jvm.dll+0xbf93d]
V  [jvm.dll+0xbfe73]
V  [jvm.dll+0x2f0eb1]
V  [jvm.dll+0x5f5a39]
V  [jvm.dll+0x24fad2]
V  [jvm.dll+0x2480d4]
V  [jvm.dll+0x245fce]
V  [jvm.dll+0x1c5804]
V  [jvm.dll+0x25575c]
V  [jvm.dll+0x253c36]
V  [jvm.dll+0x3ec996]
V  [jvm.dll+0x800d78]
V  [jvm.dll+0x6c98cd]
C  [ucrtbase.dll+0x37b0]
C  [KERNEL32.DLL+0x2e8d7]
C  [ntdll.dll+0x9c5dc]


---------------  P R O C E S S  ---------------

Threads class SMR info:
_java_thread_list=0x000001feea3e67f0, length=11, elements={
0x000001fed069d4d0, 0x000001feea0e29b0, 0x000001feea0e5420, 0x000001feea0e6d80,
0x000001feea108cd0, 0x000001feea109eb0, 0x000001feea0eaf80, 0x000001feea0ee560,
0x000001feea0efb70, 0x000001feea2b71d0, 0x000001feea2c0090
}

Java Threads: ( => current thread )
  0x000001fed069d4d0 JavaThread "main"                              [_thread_in_vm, id=28288, stack(0x000000da9c100000,0x000000da9c200000) (1024K)]
  0x000001feea0e29b0 JavaThread "Reference Handler"          daemon [_thread_blocked, id=22960, stack(0x000000da9c900000,0x000000da9ca00000) (1024K)]
  0x000001feea0e5420 JavaThread "Finalizer"                  daemon [_thread_blocked, id=1500, stack(0x000000da9ca00000,0x000000da9cb00000) (1024K)]
  0x000001feea0e6d80 JavaThread "Signal Dispatcher"          daemon [_thread_blocked, id=30460, stack(0x000000da9cb00000,0x000000da9cc00000) (1024K)]
  0x000001feea108cd0 JavaThread "Attach Listener"            daemon [_thread_blocked, id=23204, stack(0x000000da9cc00000,0x000000da9cd00000) (1024K)]
  0x000001feea109eb0 JavaThread "Service Thread"             daemon [_thread_blocked, id=22468, stack(0x000000da9cd00000,0x000000da9ce00000) (1024K)]
  0x000001feea0eaf80 JavaThread "Monitor Deflation Thread"   daemon [_thread_blocked, id=10084, stack(0x000000da9ce00000,0x000000da9cf00000) (1024K)]
=>0x000001feea0ee560 JavaThread "C2 CompilerThread0"         daemon [_thread_in_native, id=9148, stack(0x000000da9cf00000,0x000000da9d000000) (1024K)]
  0x000001feea0efb70 JavaThread "C1 CompilerThread0"         daemon [_thread_in_vm, id=28692, stack(0x000000da9d000000,0x000000da9d100000) (1024K)]
  0x000001feea2b71d0 JavaThread "Notification Thread"        daemon [_thread_blocked, id=22652, stack(0x000000da9d100000,0x000000da9d200000) (1024K)]
  0x000001feea2c0090 JavaThread "Common-Cleaner"             daemon [_thread_blocked, id=23592, stack(0x000000da9d200000,0x000000da9d300000) (1024K)]
Total: 11

Other Threads:
  0x000001fee9edbf20 VMThread "VM Thread"                           [id=14584, stack(0x000000da9c800000,0x000000da9c900000) (1024K)] _threads_hazard_ptr=0x000001feea3e67f0
  0x000001fee9ec5020 WatcherThread "VM Periodic Task Thread"        [id=7144, stack(0x000000da9c700000,0x000000da9c800000) (1024K)]
  0x000001fed214bc20 WorkerThread "GC Thread#0"                     [id=27164, stack(0x000000da9c200000,0x000000da9c300000) (1024K)]
  0x000001fed215dd50 ConcurrentGCThread "G1 Main Marker"            [id=26756, stack(0x000000da9c300000,0x000000da9c400000) (1024K)]
  0x000001fed215eff0 WorkerThread "G1 Conc#0"                       [id=29496, stack(0x000000da9c400000,0x000000da9c500000) (1024K)]
  0x000001fee9d954f0 ConcurrentGCThread "G1 Refine#0"               [id=28144, stack(0x000000da9c500000,0x000000da9c600000) (1024K)]
  0x000001fee9d96d20 ConcurrentGCThread "G1 Service"                [id=25140, stack(0x000000da9c600000,0x000000da9c700000) (1024K)]
Total: 7

Threads with active compile tasks:
C2 CompilerThread0    17506  823 % !   4       java.util.concurrent.ConcurrentHashMap::transfer @ 96 (849 bytes)
C1 CompilerThread0    17506  872       3       sun.nio.fs.WindowsPathParser::parse (504 bytes)
Total: 2

VM state: synchronizing (normal execution)

VM Mutex/Monitor currently owned by a thread:  ([mutex/lock_event])
[0x00007ffa8476fec8] Metaspace_lock - owner thread: 0x000001feea0efb70
[0x00007ffa847720c8] Threads_lock - owner thread: 0x000001fee9edbf20

Heap address: 0x0000000082800000, size: 2008 MB, Compressed Oops mode: 32-bit

CDS archive(s) not mapped
Compressed class space mapped at: 0x0000000100000000-0x0000000140000000, reserved size: 1073741824
Narrow klass base: 0x0000000000000000, Narrow klass shift: 3, Narrow klass range: 0x140000000

GC Precious Log:
 CardTable entry size: 512
 Card Set container configuration: InlinePtr #cards 5 size 8 Array Of Cards #cards 12 size 40 Howl #buckets 4 coarsen threshold 1843 Howl Bitmap #cards 512 size 80 coarsen threshold 460 Card regions per heap region 1 cards per card region 2048
 CPUs: 8 total, 8 available
 Memory: 8025M
 Large Page Support: Disabled
 NUMA Support: Disabled
 Compressed Oops: Enabled (32-bit)
 Heap Region Size: 1M
 Heap Min Capacity: 8M
 Heap Initial Capacity: 126M
 Heap Max Capacity: 2008M
 Pre-touch: Disabled
 Parallel Workers: 8
 Concurrent Workers: 2
 Concurrent Refinement Workers: 8
 Periodic GC: Disabled

Heap:
 garbage-first heap   total 129024K, used 21504K [0x0000000082800000, 0x0000000100000000)
  region size 1024K, 21 young (21504K), 0 survivors (0K)
 Metaspace       used 16938K, committed 17088K, reserved 1114112K
  class space    used 1712K, committed 1792K, reserved 1048576K

Heap Regions: E=young(eden), S=young(survivor), O=old, HS=humongous(starts), HC=humongous(continues), CS=collection set, F=free, TAMS=top-at-mark-start, PB=parsable bottom
|   0|0x0000000082800000, 0x0000000082900000, 0x0000000082900000|100%|HS|  |TAMS 0x0000000082800000| PB 0x0000000082800000| Complete 
|   1|0x0000000082900000, 0x0000000082a00000, 0x0000000082a00000|100%|HS|  |TAMS 0x0000000082900000| PB 0x0000000082900000| Complete 
|   2|0x0000000082a00000, 0x0000000082a00000, 0x0000000082b00000|  0%| F|  |TAMS 0x0000000082a00000| PB 0x0000000082a00000| Untracked 
|   3|0x0000000082b00000, 0x0000000082b00000, 0x0000000082c00000|  0%| F|  |TAMS 0x0000000082b00000| PB 0x0000000082b00000| Untracked 
|   4|0x0000000082c00000, 0x0000000082c00000, 0x0000000082d00000|  0%| F|  |TAMS 0x0000000082c00000| PB 0x0000000082c00000| Untracked 
|   5|0x0000000082d00000, 0x0000000082d00000, 0x0000000082e00000|  0%| F|  |TAMS 0x0000000082d00000| PB 0x0000000082d00000| Untracked 
|   6|0x0000000082e00000, 0x0000000082e00000, 0x0000000082f00000|  0%| F|  |TAMS 0x0000000082e00000| PB 0x0000000082e00000| Untracked 
|   7|0x0000000082f00000, 0x0000000082f00000, 0x0000000083000000|  0%| F|  |TAMS 0x0000000082f00000| PB 0x0000000082f00000| Untracked 
|   8|0x0000000083000000, 0x0000000083000000, 0x0000000083100000|  0%| F|  |TAMS 0x0000000083000000| PB 0x0000000083000000| Untracked 
|   9|0x0000000083100000, 0x0000000083100000, 0x0000000083200000|  0%| F|  |TAMS 0x0000000083100000| PB 0x0000000083100000| Untracked 
|  10|0x0000000083200000, 0x0000000083200000, 0x0000000083300000|  0%| F|  |TAMS 0x0000000083200000| PB 0x0000000083200000| Untracked 
|  11|0x0000000083300000, 0x0000000083300000, 0x0000000083400000|  0%| F|  |TAMS 0x0000000083300000| PB 0x0000000083300000| Untracked 
|  12|0x0000000083400000, 0x0000000083400000, 0x0000000083500000|  0%| F|  |TAMS 0x0000000083400000| PB 0x0000000083400000| Untracked 
|  13|0x0000000083500000, 0x0000000083500000, 0x0000000083600000|  0%| F|  |TAMS 0x0000000083500000| PB 0x0000000083500000| Untracked 
|  14|0x0000000083600000, 0x0000000083600000, 0x0000000083700000|  0%| F|  |TAMS 0x0000000083600000| PB 0x0000000083600000| Untracked 
|  15|0x0000000083700000, 0x0000000083700000, 0x0000000083800000|  0%| F|  |TAMS 0x0000000083700000| PB 0x0000000083700000| Untracked 
|  16|0x0000000083800000, 0x0000000083800000, 0x0000000083900000|  0%| F|  |TAMS 0x0000000083800000| PB 0x0000000083800000| Untracked 
|  17|0x0000000083900000, 0x0000000083900000, 0x0000000083a00000|  0%| F|  |TAMS 0x0000000083900000| PB 0x0000000083900000| Untracked 
|  18|0x0000000083a00000, 0x0000000083a00000, 0x0000000083b00000|  0%| F|  |TAMS 0x0000000083a00000| PB 0x0000000083a00000| Untracked 
|  19|0x0000000083b00000, 0x0000000083b00000, 0x0000000083c00000|  0%| F|  |TAMS 0x0000000083b00000| PB 0x0000000083b00000| Untracked 
|  20|0x0000000083c00000, 0x0000000083c00000, 0x0000000083d00000|  0%| F|  |TAMS 0x0000000083c00000| PB 0x0000000083c00000| Untracked 
|  21|0x0000000083d00000, 0x0000000083d00000, 0x0000000083e00000|  0%| F|  |TAMS 0x0000000083d00000| PB 0x0000000083d00000| Untracked 
|  22|0x0000000083e00000, 0x0000000083e00000, 0x0000000083f00000|  0%| F|  |TAMS 0x0000000083e00000| PB 0x0000000083e00000| Untracked 
|  23|0x0000000083f00000, 0x0000000083f00000, 0x0000000084000000|  0%| F|  |TAMS 0x0000000083f00000| PB 0x0000000083f00000| Untracked 
|  24|0x0000000084000000, 0x0000000084000000, 0x0000000084100000|  0%| F|  |TAMS 0x0000000084000000| PB 0x0000000084000000| Untracked 
|  25|0x0000000084100000, 0x0000000084100000, 0x0000000084200000|  0%| F|  |TAMS 0x0000000084100000| PB 0x0000000084100000| Untracked 
|  26|0x0000000084200000, 0x0000000084200000, 0x0000000084300000|  0%| F|  |TAMS 0x0000000084200000| PB 0x0000000084200000| Untracked 
|  27|0x0000000084300000, 0x0000000084300000, 0x0000000084400000|  0%| F|  |TAMS 0x0000000084300000| PB 0x0000000084300000| Untracked 
|  28|0x0000000084400000, 0x0000000084400000, 0x0000000084500000|  0%| F|  |TAMS 0x0000000084400000| PB 0x0000000084400000| Untracked 
|  29|0x0000000084500000, 0x0000000084500000, 0x0000000084600000|  0%| F|  |TAMS 0x0000000084500000| PB 0x0000000084500000| Untracked 
|  30|0x0000000084600000, 0x0000000084600000, 0x0000000084700000|  0%| F|  |TAMS 0x0000000084600000| PB 0x0000000084600000| Untracked 
|  31|0x0000000084700000, 0x0000000084700000, 0x0000000084800000|  0%| F|  |TAMS 0x0000000084700000| PB 0x0000000084700000| Untracked 
|  32|0x0000000084800000, 0x0000000084800000, 0x0000000084900000|  0%| F|  |TAMS 0x0000000084800000| PB 0x0000000084800000| Untracked 
|  33|0x0000000084900000, 0x0000000084900000, 0x0000000084a00000|  0%| F|  |TAMS 0x0000000084900000| PB 0x0000000084900000| Untracked 
|  34|0x0000000084a00000, 0x0000000084a00000, 0x0000000084b00000|  0%| F|  |TAMS 0x0000000084a00000| PB 0x0000000084a00000| Untracked 
|  35|0x0000000084b00000, 0x0000000084b00000, 0x0000000084c00000|  0%| F|  |TAMS 0x0000000084b00000| PB 0x0000000084b00000| Untracked 
|  36|0x0000000084c00000, 0x0000000084c00000, 0x0000000084d00000|  0%| F|  |TAMS 0x0000000084c00000| PB 0x0000000084c00000| Untracked 
|  37|0x0000000084d00000, 0x0000000084d00000, 0x0000000084e00000|  0%| F|  |TAMS 0x0000000084d00000| PB 0x0000000084d00000| Untracked 
|  38|0x0000000084e00000, 0x0000000084e00000, 0x0000000084f00000|  0%| F|  |TAMS 0x0000000084e00000| PB 0x0000000084e00000| Untracked 
|  39|0x0000000084f00000, 0x0000000084f00000, 0x0000000085000000|  0%| F|  |TAMS 0x0000000084f00000| PB 0x0000000084f00000| Untracked 
|  40|0x0000000085000000, 0x0000000085000000, 0x0000000085100000|  0%| F|  |TAMS 0x0000000085000000| PB 0x0000000085000000| Untracked 
|  41|0x0000000085100000, 0x0000000085100000, 0x0000000085200000|  0%| F|  |TAMS 0x0000000085100000| PB 0x0000000085100000| Untracked 
|  42|0x0000000085200000, 0x0000000085200000, 0x0000000085300000|  0%| F|  |TAMS 0x0000000085200000| PB 0x0000000085200000| Untracked 
|  43|0x0000000085300000, 0x0000000085300000, 0x0000000085400000|  0%| F|  |TAMS 0x0000000085300000| PB 0x0000000085300000| Untracked 
|  44|0x0000000085400000, 0x0000000085400000, 0x0000000085500000|  0%| F|  |TAMS 0x0000000085400000| PB 0x0000000085400000| Untracked 
|  45|0x0000000085500000, 0x0000000085500000, 0x0000000085600000|  0%| F|  |TAMS 0x0000000085500000| PB 0x0000000085500000| Untracked 
|  46|0x0000000085600000, 0x0000000085600000, 0x0000000085700000|  0%| F|  |TAMS 0x0000000085600000| PB 0x0000000085600000| Untracked 
|  47|0x0000000085700000, 0x0000000085700000, 0x0000000085800000|  0%| F|  |TAMS 0x0000000085700000| PB 0x0000000085700000| Untracked 
|  48|0x0000000085800000, 0x0000000085800000, 0x0000000085900000|  0%| F|  |TAMS 0x0000000085800000| PB 0x0000000085800000| Untracked 
|  49|0x0000000085900000, 0x0000000085900000, 0x0000000085a00000|  0%| F|  |TAMS 0x0000000085900000| PB 0x0000000085900000| Untracked 
|  50|0x0000000085a00000, 0x0000000085a00000, 0x0000000085b00000|  0%| F|  |TAMS 0x0000000085a00000| PB 0x0000000085a00000| Untracked 
|  51|0x0000000085b00000, 0x0000000085b00000, 0x0000000085c00000|  0%| F|  |TAMS 0x0000000085b00000| PB 0x0000000085b00000| Untracked 
|  52|0x0000000085c00000, 0x0000000085c00000, 0x0000000085d00000|  0%| F|  |TAMS 0x0000000085c00000| PB 0x0000000085c00000| Untracked 
|  53|0x0000000085d00000, 0x0000000085d00000, 0x0000000085e00000|  0%| F|  |TAMS 0x0000000085d00000| PB 0x0000000085d00000| Untracked 
|  54|0x0000000085e00000, 0x0000000085e00000, 0x0000000085f00000|  0%| F|  |TAMS 0x0000000085e00000| PB 0x0000000085e00000| Untracked 
|  55|0x0000000085f00000, 0x0000000085f00000, 0x0000000086000000|  0%| F|  |TAMS 0x0000000085f00000| PB 0x0000000085f00000| Untracked 
|  56|0x0000000086000000, 0x0000000086000000, 0x0000000086100000|  0%| F|  |TAMS 0x0000000086000000| PB 0x0000000086000000| Untracked 
|  57|0x0000000086100000, 0x0000000086100000, 0x0000000086200000|  0%| F|  |TAMS 0x0000000086100000| PB 0x0000000086100000| Untracked 
|  58|0x0000000086200000, 0x0000000086200000, 0x0000000086300000|  0%| F|  |TAMS 0x0000000086200000| PB 0x0000000086200000| Untracked 
|  59|0x0000000086300000, 0x0000000086300000, 0x0000000086400000|  0%| F|  |TAMS 0x0000000086300000| PB 0x0000000086300000| Untracked 
|  60|0x0000000086400000, 0x0000000086400000, 0x0000000086500000|  0%| F|  |TAMS 0x0000000086400000| PB 0x0000000086400000| Untracked 
|  61|0x0000000086500000, 0x0000000086500000, 0x0000000086600000|  0%| F|  |TAMS 0x0000000086500000| PB 0x0000000086500000| Untracked 
|  62|0x0000000086600000, 0x0000000086600000, 0x0000000086700000|  0%| F|  |TAMS 0x0000000086600000| PB 0x0000000086600000| Untracked 
|  63|0x0000000086700000, 0x0000000086700000, 0x0000000086800000|  0%| F|  |TAMS 0x0000000086700000| PB 0x0000000086700000| Untracked 
|  64|0x0000000086800000, 0x0000000086800000, 0x0000000086900000|  0%| F|  |TAMS 0x0000000086800000| PB 0x0000000086800000| Untracked 
|  65|0x0000000086900000, 0x0000000086900000, 0x0000000086a00000|  0%| F|  |TAMS 0x0000000086900000| PB 0x0000000086900000| Untracked 
|  66|0x0000000086a00000, 0x0000000086a00000, 0x0000000086b00000|  0%| F|  |TAMS 0x0000000086a00000| PB 0x0000000086a00000| Untracked 
|  67|0x0000000086b00000, 0x0000000086b00000, 0x0000000086c00000|  0%| F|  |TAMS 0x0000000086b00000| PB 0x0000000086b00000| Untracked 
|  68|0x0000000086c00000, 0x0000000086c00000, 0x0000000086d00000|  0%| F|  |TAMS 0x0000000086c00000| PB 0x0000000086c00000| Untracked 
|  69|0x0000000086d00000, 0x0000000086d00000, 0x0000000086e00000|  0%| F|  |TAMS 0x0000000086d00000| PB 0x0000000086d00000| Untracked 
|  70|0x0000000086e00000, 0x0000000086e00000, 0x0000000086f00000|  0%| F|  |TAMS 0x0000000086e00000| PB 0x0000000086e00000| Untracked 
|  71|0x0000000086f00000, 0x0000000086f00000, 0x0000000087000000|  0%| F|  |TAMS 0x0000000086f00000| PB 0x0000000086f00000| Untracked 
|  72|0x0000000087000000, 0x0000000087000000, 0x0000000087100000|  0%| F|  |TAMS 0x0000000087000000| PB 0x0000000087000000| Untracked 
|  73|0x0000000087100000, 0x0000000087100000, 0x0000000087200000|  0%| F|  |TAMS 0x0000000087100000| PB 0x0000000087100000| Untracked 
|  74|0x0000000087200000, 0x0000000087200000, 0x0000000087300000|  0%| F|  |TAMS 0x0000000087200000| PB 0x0000000087200000| Untracked 
|  75|0x0000000087300000, 0x0000000087300000, 0x0000000087400000|  0%| F|  |TAMS 0x0000000087300000| PB 0x0000000087300000| Untracked 
|  76|0x0000000087400000, 0x0000000087400000, 0x0000000087500000|  0%| F|  |TAMS 0x0000000087400000| PB 0x0000000087400000| Untracked 
|  77|0x0000000087500000, 0x0000000087500000, 0x0000000087600000|  0%| F|  |TAMS 0x0000000087500000| PB 0x0000000087500000| Untracked 
|  78|0x0000000087600000, 0x0000000087600000, 0x0000000087700000|  0%| F|  |TAMS 0x0000000087600000| PB 0x0000000087600000| Untracked 
|  79|0x0000000087700000, 0x0000000087700000, 0x0000000087800000|  0%| F|  |TAMS 0x0000000087700000| PB 0x0000000087700000| Untracked 
|  80|0x0000000087800000, 0x0000000087800000, 0x0000000087900000|  0%| F|  |TAMS 0x0000000087800000| PB 0x0000000087800000| Untracked 
|  81|0x0000000087900000, 0x0000000087900000, 0x0000000087a00000|  0%| F|  |TAMS 0x0000000087900000| PB 0x0000000087900000| Untracked 
|  82|0x0000000087a00000, 0x0000000087a00000, 0x0000000087b00000|  0%| F|  |TAMS 0x0000000087a00000| PB 0x0000000087a00000| Untracked 
|  83|0x0000000087b00000, 0x0000000087b00000, 0x0000000087c00000|  0%| F|  |TAMS 0x0000000087b00000| PB 0x0000000087b00000| Untracked 
|  84|0x0000000087c00000, 0x0000000087c00000, 0x0000000087d00000|  0%| F|  |TAMS 0x0000000087c00000| PB 0x0000000087c00000| Untracked 
|  85|0x0000000087d00000, 0x0000000087d00000, 0x0000000087e00000|  0%| F|  |TAMS 0x0000000087d00000| PB 0x0000000087d00000| Untracked 
|  86|0x0000000087e00000, 0x0000000087e00000, 0x0000000087f00000|  0%| F|  |TAMS 0x0000000087e00000| PB 0x0000000087e00000| Untracked 
|  87|0x0000000087f00000, 0x0000000087f00000, 0x0000000088000000|  0%| F|  |TAMS 0x0000000087f00000| PB 0x0000000087f00000| Untracked 
|  88|0x0000000088000000, 0x0000000088000000, 0x0000000088100000|  0%| F|  |TAMS 0x0000000088000000| PB 0x0000000088000000| Untracked 
|  89|0x0000000088100000, 0x0000000088100000, 0x0000000088200000|  0%| F|  |TAMS 0x0000000088100000| PB 0x0000000088100000| Untracked 
|  90|0x0000000088200000, 0x0000000088200000, 0x0000000088300000|  0%| F|  |TAMS 0x0000000088200000| PB 0x0000000088200000| Untracked 
|  91|0x0000000088300000, 0x0000000088300000, 0x0000000088400000|  0%| F|  |TAMS 0x0000000088300000| PB 0x0000000088300000| Untracked 
|  92|0x0000000088400000, 0x0000000088400000, 0x0000000088500000|  0%| F|  |TAMS 0x0000000088400000| PB 0x0000000088400000| Untracked 
|  93|0x0000000088500000, 0x0000000088500000, 0x0000000088600000|  0%| F|  |TAMS 0x0000000088500000| PB 0x0000000088500000| Untracked 
|  94|0x0000000088600000, 0x0000000088600000, 0x0000000088700000|  0%| F|  |TAMS 0x0000000088600000| PB 0x0000000088600000| Untracked 
|  95|0x0000000088700000, 0x0000000088700000, 0x0000000088800000|  0%| F|  |TAMS 0x0000000088700000| PB 0x0000000088700000| Untracked 
|  96|0x0000000088800000, 0x0000000088800000, 0x0000000088900000|  0%| F|  |TAMS 0x0000000088800000| PB 0x0000000088800000| Untracked 
|  97|0x0000000088900000, 0x0000000088900000, 0x0000000088a00000|  0%| F|  |TAMS 0x0000000088900000| PB 0x0000000088900000| Untracked 
|  98|0x0000000088a00000, 0x0000000088a00000, 0x0000000088b00000|  0%| F|  |TAMS 0x0000000088a00000| PB 0x0000000088a00000| Untracked 
|  99|0x0000000088b00000, 0x0000000088b00000, 0x0000000088c00000|  0%| F|  |TAMS 0x0000000088b00000| PB 0x0000000088b00000| Untracked 
| 100|0x0000000088c00000, 0x0000000088c00000, 0x0000000088d00000|  0%| F|  |TAMS 0x0000000088c00000| PB 0x0000000088c00000| Untracked 
| 101|0x0000000088d00000, 0x0000000088d00000, 0x0000000088e00000|  0%| F|  |TAMS 0x0000000088d00000| PB 0x0000000088d00000| Untracked 
| 102|0x0000000088e00000, 0x0000000088e00000, 0x0000000088f00000|  0%| F|  |TAMS 0x0000000088e00000| PB 0x0000000088e00000| Untracked 
| 103|0x0000000088f00000, 0x0000000088f00000, 0x0000000089000000|  0%| F|  |TAMS 0x0000000088f00000| PB 0x0000000088f00000| Untracked 
| 104|0x0000000089000000, 0x0000000089000000, 0x0000000089100000|  0%| F|  |TAMS 0x0000000089000000| PB 0x0000000089000000| Untracked 
| 105|0x0000000089100000, 0x00000000891ec0e0, 0x0000000089200000| 92%| E|  |TAMS 0x0000000089100000| PB 0x0000000089100000| Complete 
| 106|0x0000000089200000, 0x0000000089300000, 0x0000000089300000|100%| E|CS|TAMS 0x0000000089200000| PB 0x0000000089200000| Complete 
| 107|0x0000000089300000, 0x0000000089400000, 0x0000000089400000|100%| E|CS|TAMS 0x0000000089300000| PB 0x0000000089300000| Complete 
| 108|0x0000000089400000, 0x0000000089500000, 0x0000000089500000|100%| E|CS|TAMS 0x0000000089400000| PB 0x0000000089400000| Complete 
| 109|0x0000000089500000, 0x0000000089600000, 0x0000000089600000|100%| E|CS|TAMS 0x0000000089500000| PB 0x0000000089500000| Complete 
| 110|0x0000000089600000, 0x0000000089700000, 0x0000000089700000|100%| E|CS|TAMS 0x0000000089600000| PB 0x0000000089600000| Complete 
| 111|0x0000000089700000, 0x0000000089800000, 0x0000000089800000|100%| E|CS|TAMS 0x0000000089700000| PB 0x0000000089700000| Complete 
| 112|0x0000000089800000, 0x0000000089900000, 0x0000000089900000|100%| E|CS|TAMS 0x0000000089800000| PB 0x0000000089800000| Complete 
| 113|0x0000000089900000, 0x0000000089a00000, 0x0000000089a00000|100%| E|CS|TAMS 0x0000000089900000| PB 0x0000000089900000| Complete 
| 114|0x0000000089a00000, 0x0000000089b00000, 0x0000000089b00000|100%| E|CS|TAMS 0x0000000089a00000| PB 0x0000000089a00000| Complete 
| 115|0x0000000089b00000, 0x0000000089c00000, 0x0000000089c00000|100%| E|CS|TAMS 0x0000000089b00000| PB 0x0000000089b00000| Complete 
| 116|0x0000000089c00000, 0x0000000089d00000, 0x0000000089d00000|100%| E|CS|TAMS 0x0000000089c00000| PB 0x0000000089c00000| Complete 
| 117|0x0000000089d00000, 0x0000000089e00000, 0x0000000089e00000|100%| E|CS|TAMS 0x0000000089d00000| PB 0x0000000089d00000| Complete 
| 118|0x0000000089e00000, 0x0000000089f00000, 0x0000000089f00000|100%| E|  |TAMS 0x0000000089e00000| PB 0x0000000089e00000| Complete 
| 119|0x0000000089f00000, 0x000000008a000000, 0x000000008a000000|100%| E|CS|TAMS 0x0000000089f00000| PB 0x0000000089f00000| Complete 
| 120|0x000000008a000000, 0x000000008a100000, 0x000000008a100000|100%| E|CS|TAMS 0x000000008a000000| PB 0x000000008a000000| Complete 
| 121|0x000000008a100000, 0x000000008a200000, 0x000000008a200000|100%| E|CS|TAMS 0x000000008a100000| PB 0x000000008a100000| Complete 
| 122|0x000000008a200000, 0x000000008a300000, 0x000000008a300000|100%| E|CS|TAMS 0x000000008a200000| PB 0x000000008a200000| Complete 
| 123|0x000000008a300000, 0x000000008a400000, 0x000000008a400000|100%| E|CS|TAMS 0x000000008a300000| PB 0x000000008a300000| Complete 
| 124|0x000000008a400000, 0x000000008a500000, 0x000000008a500000|100%| E|CS|TAMS 0x000000008a400000| PB 0x000000008a400000| Complete 
| 125|0x000000008a500000, 0x000000008a600000, 0x000000008a600000|100%| E|CS|TAMS 0x000000008a500000| PB 0x000000008a500000| Complete 

Card table byte_map: [0x000001fee50e0000,0x000001fee54d0000] _byte_map_base: 0x000001fee4ccc000

Marking Bits: (CMBitMap*) 0x000001fed214cb30
 Bits: [0x000001fee54d0000, 0x000001fee7430000)

Polling page: 0x000001fed21c0000

Metaspace:

Usage:
  Non-class:     14.87 MB used.
      Class:      1.67 MB used.
       Both:     16.54 MB used.

Virtual space:
  Non-class space:       64.00 MB reserved,      14.94 MB ( 23%) committed,  1 nodes.
      Class space:        1.00 GB reserved,       1.75 MB ( <1%) committed,  1 nodes.
             Both:        1.06 GB reserved,      16.69 MB (  2%) committed. 

Chunk freelists:
   Non-Class:  496.00 KB
       Class:  14.09 MB
        Both:  14.57 MB

MaxMetaspaceSize: unlimited
CompressedClassSpaceSize: 1.00 GB
Initial GC threshold: 21.00 MB
Current GC threshold: 21.00 MB
CDS: off
 - commit_granule_bytes: 65536.
 - commit_granule_words: 8192.
 - virtual_space_node_default_size: 8388608.
 - enlarge_chunks_in_place: 1.
 - use_allocation_guard: 0.


Internal statistics:

num_allocs_failed_limit: 0.
num_arena_births: 44.
num_arena_deaths: 0.
num_vsnodes_births: 2.
num_vsnodes_deaths: 0.
num_space_committed: 267.
num_space_uncommitted: 0.
num_chunks_returned_to_freelist: 0.
num_chunks_taken_from_freelist: 295.
num_chunk_merges: 0.
num_chunk_splits: 221.
num_chunks_enlarged: 182.
num_inconsistent_stats: 0.

CodeHeap 'non-profiled nmethods': size=120000Kb used=243Kb max_used=243Kb free=119756Kb
 bounds [0x000001fedcd50000, 0x000001fedcfc0000, 0x000001fee4280000]
CodeHeap 'profiled nmethods': size=120000Kb used=1547Kb max_used=1547Kb free=118452Kb
 bounds [0x000001fed5280000, 0x000001fed54f0000, 0x000001fedc7b0000]
CodeHeap 'non-nmethods': size=5760Kb used=1372Kb max_used=1393Kb free=4387Kb
 bounds [0x000001fedc7b0000, 0x000001fedca20000, 0x000001fedcd50000]
 total_blobs=1359 nmethods=867 adapters=397
 compilation: enabled
              stopped_count=0, restarted_count=0
 full_count=0

Compilation events (20 events):
Event: 14.444 Thread 0x000001feea0efb70  818       3       java.util.ArrayList::<init> (12 bytes)
Event: 14.444 Thread 0x000001feea0efb70 nmethod 818 0x000001fed53eaf10 code [0x000001fed53eb0c0, 0x000001fed53eb358]
Event: 14.444 Thread 0x000001feea0efb70  819       3       java.security.Provider$ServiceKey::<init> (39 bytes)
Event: 14.444 Thread 0x000001feea0efb70 nmethod 819 0x000001fed53eb490 code [0x000001fed53eb6a0, 0x000001fed53ebbb8]
Event: 14.444 Thread 0x000001feea0efb70  821       3       java.util.HashMap$HashIterator::<init> (79 bytes)
Event: 14.445 Thread 0x000001feea0efb70 nmethod 821 0x000001fed53ebd90 code [0x000001fed53ebf60, 0x000001fed53ec370]
Event: 14.445 Thread 0x000001feea0efb70  822       3       java.util.Collections::emptyIterator (4 bytes)
Event: 14.445 Thread 0x000001feea0efb70 nmethod 822 0x000001fed53ec510 code [0x000001fed53ec6a0, 0x000001fed53ec798]
Event: 14.445 Thread 0x000001feea0efb70  820       1       sun.security.util.KnownOIDs::aliases (5 bytes)
Event: 14.445 Thread 0x000001feea0efb70 nmethod 820 0x000001fedcd8a390 code [0x000001fedcd8a520, 0x000001fedcd8a5e8]
Event: 14.445 Thread 0x000001feea0efb70  825       3       java.security.Provider$Service::<init> (200 bytes)
Event: 14.445 Thread 0x000001feea0ee560 nmethod 805 0x000001fedcd8a690 code [0x000001fedcd8a860, 0x000001fedcd8ac58]
Event: 14.445 Thread 0x000001feea0ee560  801       4       java.lang.Character::digit (6 bytes)
Event: 14.446 Thread 0x000001feea0ee560 nmethod 801 0x000001fedcd8b190 code [0x000001fedcd8b320, 0x000001fedcd8b460]
Event: 14.446 Thread 0x000001feea0ee560  823 % !   4       java.util.concurrent.ConcurrentHashMap::transfer @ 96 (849 bytes)
Event: 14.446 Thread 0x000001feea0efb70 nmethod 825 0x000001fed53ec810 code [0x000001fed53ecba0, 0x000001fed53ee520]
Event: 14.446 Thread 0x000001feea0efb70  826       3       java.security.Provider::putPropertyStrings (214 bytes)
Event: 14.447 Thread 0x000001feea0efb70 nmethod 826 0x000001fed53eec10 code [0x000001fed53ef100, 0x000001fed53f1390]
Event: 14.447 Thread 0x000001feea0efb70  824       3       java.security.Provider::checkInitialized (16 bytes)
Event: 14.447 Thread 0x000001feea0efb70 nmethod 824 0x000001fed53f2090 code [0x000001fed53f2240, 0x000001fed53f2440]

GC Heap History (0 events):
No events

Dll operation events (3 events):
Event: 0.007 Loaded shared library C:\Program Files\Android\Android Studio\jbr\bin\java.dll
Event: 0.558 Loaded shared library C:\Program Files\Android\Android Studio\jbr\bin\zip.dll
Event: 0.810 Loaded shared library C:\Program Files\Android\Android Studio\jbr\bin\verify.dll

Deoptimization events (14 events):
Event: 0.771 Thread 0x000001fed069d4d0 Uncommon trap: trap_request=0xffffff45 fr.pc=0x000001fedcd55ea4 relative=0x0000000000000904
Event: 0.771 Thread 0x000001fed069d4d0 Uncommon trap: reason=unstable_if action=reinterpret pc=0x000001fedcd55ea4 method=java.util.zip.ZipFile$Source.checkAndAddEntry(II)I @ 128 c2
Event: 0.771 Thread 0x000001fed069d4d0 DEOPT PACKING pc=0x000001fedcd55ea4 sp=0x000000da9c1fdd60
Event: 0.771 Thread 0x000001fed069d4d0 DEOPT UNPACKING pc=0x000001fedc8046a2 sp=0x000000da9c1fdcd0 mode 2
Event: 2.839 Thread 0x000001fed069d4d0 DEOPT PACKING pc=0x000001fed52a3c78 sp=0x000000da9c1f79d0
Event: 2.839 Thread 0x000001fed069d4d0 DEOPT UNPACKING pc=0x000001fedc804e42 sp=0x000000da9c1f6df0 mode 0
Event: 2.864 Thread 0x000001fed069d4d0 DEOPT PACKING pc=0x000001fed5297058 sp=0x000000da9c1fd9f0
Event: 2.864 Thread 0x000001fed069d4d0 DEOPT UNPACKING pc=0x000001fedc804e42 sp=0x000000da9c1fce58 mode 0
Event: 2.980 Thread 0x000001fed069d4d0 DEOPT PACKING pc=0x000001fed533e37c sp=0x000000da9c1fe0a0
Event: 2.980 Thread 0x000001fed069d4d0 DEOPT UNPACKING pc=0x000001fedc804e42 sp=0x000000da9c1fd4d8 mode 0
Event: 3.241 Thread 0x000001fed069d4d0 Uncommon trap: trap_request=0xffffff45 fr.pc=0x000001fedcd82600 relative=0x00000000000002c0
Event: 3.241 Thread 0x000001fed069d4d0 Uncommon trap: reason=unstable_if action=reinterpret pc=0x000001fedcd82600 method=jdk.internal.util.ArraysSupport.mismatch([BI[BII)I @ 55 c2
Event: 3.241 Thread 0x000001fed069d4d0 DEOPT PACKING pc=0x000001fedcd82600 sp=0x000000da9c1fc9c0
Event: 3.241 Thread 0x000001fed069d4d0 DEOPT UNPACKING pc=0x000001fedc8046a2 sp=0x000000da9c1fc8d0 mode 2

Classes loaded (20 events):
Event: 14.433 Loading class java/security/spec/AlgorithmParameterSpec
Event: 14.434 Loading class java/security/spec/AlgorithmParameterSpec done
Event: 14.434 Loading class java/security/spec/ECParameterSpec done
Event: 14.434 Loading class sun/security/util/NamedCurve done
Event: 14.434 Loading class sun/security/util/DerOutputStream
Event: 14.434 Loading class sun/security/util/DerEncoder
Event: 14.434 Loading class sun/security/util/DerEncoder done
Event: 14.434 Loading class sun/security/util/DerOutputStream done
Event: 14.434 Loading class sun/security/util/ByteArrayLexOrder
Event: 14.435 Loading class sun/security/util/ByteArrayLexOrder done
Event: 14.435 Loading class sun/security/util/ByteArrayTagOrder
Event: 14.435 Loading class sun/security/util/ByteArrayTagOrder done
Event: 14.435 Loading class sun/security/util/ObjectIdentifier
Event: 14.435 Loading class sun/security/util/ObjectIdentifier done
Event: 14.437 Loading class java/security/spec/ECFieldF2m
Event: 14.437 Loading class java/security/spec/ECFieldF2m done
Event: 14.441 Loading class sun/security/ssl/SunJSSE
Event: 14.442 Loading class sun/security/ssl/SunJSSE done
Event: 14.443 Loading class com/sun/crypto/provider/SunJCE
Event: 14.443 Loading class com/sun/crypto/provider/SunJCE done

Classes unloaded (0 events):
No events

Classes redefined (0 events):
No events

Internal exceptions (9 events):
Event: 0.779 Thread 0x000001fed069d4d0 Exception <a 'java/lang/NoSuchMethodError'{0x000000008a3e9188}: 'void java.lang.invoke.DirectMethodHandle$Holder.invokeStatic(java.lang.Object, java.lang.Object)'> (0x000000008a3e9188) 
thrown [s\src\hotspot\share\interpreter\linkResolver.cpp, line 784]
Event: 0.779 Thread 0x000001fed069d4d0 Exception <a 'java/lang/NoSuchMethodError'{0x000000008a3ecfa8}: 'void java.lang.invoke.DirectMethodHandle$Holder.invokeSpecial(java.lang.Object, java.lang.Object, java.lang.Object)'> (0x000000008a3ecfa8) 
thrown [s\src\hotspot\share\interpreter\linkResolver.cpp, line 784]
Event: 3.065 Thread 0x000001fed069d4d0 Exception <a 'java/lang/NoClassDefFoundError'{0x0000000089862e88}: org/slf4j/LoggerFactory> (0x0000000089862e88) 
thrown [s\src\hotspot\share\classfile\systemDictionary.cpp, line 301]
Event: 3.065 Thread 0x000001fed069d4d0 Exception <a 'java/lang/NoClassDefFoundError'{0x0000000089862e88}> (0x0000000089862e88) 
thrown [s\src\hotspot\share\oops\instanceKlass.cpp, line 1245]
Event: 3.066 Thread 0x000001fed069d4d0 Exception <a 'java/lang/NoClassDefFoundError'{0x000000008986c8a0}: org/apache/logging/log4j/spi/ExtendedLoggerWrapper> (0x000000008986c8a0) 
thrown [s\src\hotspot\share\classfile\systemDictionary.cpp, line 301]
Event: 3.067 Thread 0x000001fed069d4d0 Exception <a 'java/lang/NoClassDefFoundError'{0x0000000089874f20}: org/apache/log4j/Priority> (0x0000000089874f20) 
thrown [s\src\hotspot\share\classfile\systemDictionary.cpp, line 301]
Event: 3.109 Thread 0x000001fed069d4d0 Exception <a 'java/lang/NoSuchMethodError'{0x00000000898f96b0}: 'int java.lang.invoke.DirectMethodHandle$Holder.invokeSpecial(java.lang.Object, java.lang.Object, java.lang.Object)'> (0x00000000898f96b0) 
thrown [s\src\hotspot\share\interpreter\linkResolver.cpp, line 784]
Event: 3.110 Thread 0x000001fed069d4d0 Exception <a 'java/lang/NoSuchMethodError'{0x0000000089708718}: 'java.lang.Object java.lang.invoke.DirectMethodHandle$Holder.invokeInterface(java.lang.Object, java.lang.Object)'> (0x0000000089708718) 
thrown [s\src\hotspot\share\interpreter\linkResolver.cpp, line 784]
Event: 5.301 Thread 0x000001fed069d4d0 Exception <a 'java/lang/NoSuchMethodError'{0x0000000089212e18}: 'java.lang.Object java.lang.invoke.DirectMethodHandle$Holder.invokeStaticInit(java.lang.Object, int, int, int, int)'> (0x0000000089212e18) 
thrown [s\src\hotspot\share\interpreter\linkResolver.cpp, line 784]

ZGC Phase Switch (0 events):
No events

VM Operations (20 events):
Event: 0.662 Executing VM operation: HandshakeAllThreads (Deoptimize)
Event: 0.662 Executing VM operation: HandshakeAllThreads (Deoptimize) done
Event: 0.763 Executing VM operation: HandshakeAllThreads (Deoptimize)
Event: 0.764 Executing VM operation: HandshakeAllThreads (Deoptimize) done
Event: 0.786 Executing VM operation: HandshakeAllThreads (Deoptimize)
Event: 0.786 Executing VM operation: HandshakeAllThreads (Deoptimize) done
Event: 0.786 Executing VM operation: HandshakeAllThreads (Deoptimize)
Event: 0.786 Executing VM operation: HandshakeAllThreads (Deoptimize) done
Event: 1.797 Executing VM operation: Cleanup
Event: 1.828 Executing VM operation: Cleanup done
Event: 3.239 Executing VM operation: HandshakeAllThreads (Deoptimize)
Event: 3.239 Executing VM operation: HandshakeAllThreads (Deoptimize) done
Event: 3.239 Executing VM operation: Cleanup
Event: 3.239 Executing VM operation: Cleanup done
Event: 10.290 Executing VM operation: Cleanup
Event: 10.383 Executing VM operation: Cleanup done
Event: 12.408 Executing VM operation: Cleanup
Event: 12.408 Executing VM operation: Cleanup done
Event: 15.440 Executing VM operation: Cleanup
Event: 15.440 Executing VM operation: Cleanup done

Events (19 events):
Event: 0.558 Thread 0x000001fed069d4d0 Thread added: 0x000001fed069d4d0
Event: 0.596 Thread 0x000001feea0e29b0 Thread added: 0x000001feea0e29b0
Event: 0.596 Thread 0x000001feea0e5420 Thread added: 0x000001feea0e5420
Event: 0.597 Thread 0x000001feea0e6d80 Thread added: 0x000001feea0e6d80
Event: 0.597 Thread 0x000001feea108cd0 Thread added: 0x000001feea108cd0
Event: 0.597 Thread 0x000001feea109eb0 Thread added: 0x000001feea109eb0
Event: 0.597 Thread 0x000001feea0eaf80 Thread added: 0x000001feea0eaf80
Event: 0.597 Thread 0x000001feea0ee560 Thread added: 0x000001feea0ee560
Event: 0.597 Thread 0x000001feea0efb70 Thread added: 0x000001feea0efb70
Event: 0.623 Thread 0x000001feea2b71d0 Thread added: 0x000001feea2b71d0
Event: 0.628 Thread 0x000001feea2c0090 Thread added: 0x000001feea2c0090
Event: 0.635 Loaded shared library C:\Program Files\Android\Android Studio\jbr\bin\net.dll
Event: 0.637 Loaded shared library C:\Program Files\Android\Android Studio\jbr\bin\nio.dll
Event: 0.655 Thread 0x000001feea34a970 Thread added: 0x000001feea34a970
Event: 0.665 Loaded shared library C:\Program Files\Android\Android Studio\jbr\bin\zip.dll
Event: 0.714 Loaded shared library C:\Program Files\Android\Android Studio\jbr\bin\jimage.dll
Event: 1.829 Thread 0x000001feea34a970 Thread exited: 0x000001feea34a970
Event: 3.092 Loaded shared library C:\Program Files\Android\Android Studio\jbr\bin\management.dll
Event: 3.101 Loaded shared library C:\Program Files\Android\Android Studio\jbr\bin\management_ext.dll


Dynamic libraries:
0x00007ff686eb0000 - 0x00007ff686eba000 	C:\Program Files\Android\Android Studio\jbr\bin\java.exe
0x00007ffb54fa0000 - 0x00007ffb55206000 	C:\WINDOWS\SYSTEM32\ntdll.dll
0x00007ffb53b50000 - 0x00007ffb53c19000 	C:\WINDOWS\System32\KERNEL32.DLL
0x00007ffb52580000 - 0x00007ffb5294c000 	C:\WINDOWS\System32\KERNELBASE.dll
0x00007ffb521d0000 - 0x00007ffb5231b000 	C:\WINDOWS\System32\ucrtbase.dll
0x00007ffb2ec50000 - 0x00007ffb2ec68000 	C:\Program Files\Android\Android Studio\jbr\bin\jli.dll
0x00007ffb3bee0000 - 0x00007ffb3befb000 	C:\Program Files\Android\Android Studio\jbr\bin\VCRUNTIME140.dll
0x00007ffb53880000 - 0x00007ffb53a4a000 	C:\WINDOWS\System32\USER32.dll
0x00007ffb52320000 - 0x00007ffb52347000 	C:\WINDOWS\System32\win32u.dll
0x00007ffb367f0000 - 0x00007ffb36a8a000 	C:\WINDOWS\WinSxS\amd64_microsoft.windows.common-controls_6595b64144ccf1df_6.0.26100.3912_none_3e07963ce335137e\COMCTL32.dll
0x00007ffb53130000 - 0x00007ffb5315b000 	C:\WINDOWS\System32\GDI32.dll
0x00007ffb53170000 - 0x00007ffb53219000 	C:\WINDOWS\System32\msvcrt.dll
0x00007ffb52950000 - 0x00007ffb52a82000 	C:\WINDOWS\System32\gdi32full.dll
0x00007ffb524d0000 - 0x00007ffb52573000 	C:\WINDOWS\System32\msvcp_win.dll
0x00007ffb52f40000 - 0x00007ffb52f70000 	C:\WINDOWS\System32\IMM32.DLL
0x00007ffb45b60000 - 0x00007ffb45b6c000 	C:\Program Files\Android\Android Studio\jbr\bin\vcruntime140_1.dll
0x00007ffad2cf0000 - 0x00007ffad2d7d000 	C:\Program Files\Android\Android Studio\jbr\bin\msvcp140.dll
0x00007ffa83bd0000 - 0x00007ffa8484d000 	C:\Program Files\Android\Android Studio\jbr\bin\server\jvm.dll
0x00007ffb54910000 - 0x00007ffb549c2000 	C:\WINDOWS\System32\ADVAPI32.dll
0x00007ffb54030000 - 0x00007ffb540d6000 	C:\WINDOWS\System32\sechost.dll
0x00007ffb54c20000 - 0x00007ffb54d36000 	C:\WINDOWS\System32\RPCRT4.dll
0x00007ffb53c20000 - 0x00007ffb53c94000 	C:\WINDOWS\System32\WS2_32.dll
0x00007ffb51f80000 - 0x00007ffb51fde000 	C:\WINDOWS\SYSTEM32\POWRPROF.dll
0x00007ffb3b850000 - 0x00007ffb3b886000 	C:\WINDOWS\SYSTEM32\WINMM.dll
0x00007ffb46d70000 - 0x00007ffb46d7b000 	C:\WINDOWS\SYSTEM32\VERSION.dll
0x00007ffb51f60000 - 0x00007ffb51f74000 	C:\WINDOWS\SYSTEM32\UMPDC.dll
0x00007ffb50ef0000 - 0x00007ffb50f0a000 	C:\WINDOWS\SYSTEM32\kernel.appcore.dll
0x00007ffb37620000 - 0x00007ffb3762a000 	C:\Program Files\Android\Android Studio\jbr\bin\jimage.dll
0x00007ffb49c10000 - 0x00007ffb49e51000 	C:\WINDOWS\SYSTEM32\DBGHELP.DLL
0x00007ffb53ca0000 - 0x00007ffb54024000 	C:\WINDOWS\System32\combase.dll
0x00007ffb54e70000 - 0x00007ffb54f50000 	C:\WINDOWS\System32\OLEAUT32.dll
0x00007ffb2e6b0000 - 0x00007ffb2e6e9000 	C:\WINDOWS\SYSTEM32\dbgcore.DLL
0x00007ffb52130000 - 0x00007ffb521c9000 	C:\WINDOWS\System32\bcryptPrimitives.dll
0x00007ffb26850000 - 0x00007ffb2686f000 	C:\Program Files\Android\Android Studio\jbr\bin\java.dll
0x00007ffb12330000 - 0x00007ffb12348000 	C:\Program Files\Android\Android Studio\jbr\bin\zip.dll
0x00007ffb540e0000 - 0x00007ffb5480d000 	C:\WINDOWS\System32\SHELL32.dll
0x00007ffb52350000 - 0x00007ffb524c4000 	C:\WINDOWS\System32\wintypes.dll
0x00007ffb4fde0000 - 0x00007ffb50636000 	C:\WINDOWS\SYSTEM32\windows.storage.dll
0x00007ffb54b20000 - 0x00007ffb54c0f000 	C:\WINDOWS\System32\SHCORE.dll
0x00007ffb54d40000 - 0x00007ffb54da9000 	C:\WINDOWS\System32\shlwapi.dll
0x00007ffb52040000 - 0x00007ffb5206f000 	C:\WINDOWS\SYSTEM32\profapi.dll
0x00007ffb37610000 - 0x00007ffb37620000 	C:\Program Files\Android\Android Studio\jbr\bin\net.dll
0x00007ffb479e0000 - 0x00007ffb47afe000 	C:\WINDOWS\SYSTEM32\WINHTTP.dll
0x00007ffb51460000 - 0x00007ffb514ca000 	C:\WINDOWS\system32\mswsock.dll
0x00007ffb0dd40000 - 0x00007ffb0dd56000 	C:\Program Files\Android\Android Studio\jbr\bin\nio.dll
0x00007ffb044a0000 - 0x00007ffb044b0000 	C:\Program Files\Android\Android Studio\jbr\bin\verify.dll
0x00007ffb1b960000 - 0x00007ffb1b969000 	C:\Program Files\Android\Android Studio\jbr\bin\management.dll
0x00007ffb12320000 - 0x00007ffb1232b000 	C:\Program Files\Android\Android Studio\jbr\bin\management_ext.dll
0x00007ffb549d0000 - 0x00007ffb549d8000 	C:\WINDOWS\System32\PSAPI.DLL
0x00007ffa99a30000 - 0x00007ffa99a38000 	C:\WINDOWS\system32\wshunix.dll
0x00007ffb51700000 - 0x00007ffb5171c000 	C:\WINDOWS\SYSTEM32\CRYPTSP.dll
0x00007ffb50e50000 - 0x00007ffb50e8a000 	C:\WINDOWS\system32\rsaenh.dll
0x00007ffb51500000 - 0x00007ffb5152b000 	C:\WINDOWS\SYSTEM32\USERENV.dll
0x00007ffb52010000 - 0x00007ffb52036000 	C:\WINDOWS\SYSTEM32\bcrypt.dll
0x00007ffb51720000 - 0x00007ffb5172c000 	C:\WINDOWS\SYSTEM32\CRYPTBASE.dll
0x00007ffb50930000 - 0x00007ffb50963000 	C:\WINDOWS\SYSTEM32\IPHLPAPI.DLL
0x00007ffb54880000 - 0x00007ffb5488a000 	C:\WINDOWS\System32\NSI.dll

dbghelp: loaded successfully - version: 4.0.5 - missing functions: none
symbol engine: initialized successfully - sym options: 0x614 - pdb path: .;C:\Program Files\Android\Android Studio\jbr\bin;C:\WINDOWS\SYSTEM32;C:\WINDOWS\WinSxS\amd64_microsoft.windows.common-controls_6595b64144ccf1df_6.0.26100.3912_none_3e07963ce335137e;C:\Program Files\Android\Android Studio\jbr\bin\server

VM Arguments:
jvm_args: -Djava.awt.headless=true -Djava.util.logging.config.file=C:\Users\Juan Diego Cordoba F\.android\utp\logging9577975809271927598properties -Dfile.encoding=UTF-8 
java_command: com.google.testing.platform.launcher.Launcher C:\Users\Juan Diego Cordoba F\.gradle\caches\modules-2\files-2.1\com.google.testing.platform\core\0.0.9-alpha02\8d72767495b76dfdfe1a4f02bab67cb035da816d\core-0.0.9-alpha02.jar --proto_config=C:\Users\Juan Diego Cordoba F\.android\utp\runnerConfig18154472166842740901.pb --proto_server_config=C:\Users\Juan Diego Cordoba F\.android\utp\serverConfig15296563333724745551.pb
java_class_path (initial): C:\Users\Juan Diego Cordoba F\.gradle\caches\modules-2\files-2.1\com.google.testing.platform\launcher\0.0.9-alpha02\f43549bd43bd4df370cfa9bcf93793e7b9cb217\launcher-0.0.9-alpha02.jar
Launcher Type: SUN_STANDARD

[Global flags]
     intx CICompilerCount                          = 4                                         {product} {ergonomic}
     uint ConcGCThreads                            = 2                                         {product} {ergonomic}
     uint G1ConcRefinementThreads                  = 8                                         {product} {ergonomic}
   size_t G1HeapRegionSize                         = 1048576                                   {product} {ergonomic}
    uintx GCDrainStackTargetSize                   = 64                                        {product} {ergonomic}
   size_t InitialHeapSize                          = 132120576                                 {product} {ergonomic}
   size_t MarkStackSize                            = 4194304                                   {product} {ergonomic}
   size_t MaxHeapSize                              = 2105540608                                {product} {ergonomic}
   size_t MaxNewSize                               = 1262485504                                {product} {ergonomic}
   size_t MinHeapDeltaBytes                        = 1048576                                   {product} {ergonomic}
   size_t MinHeapSize                              = 8388608                                   {product} {ergonomic}
    uintx NonNMethodCodeHeapSize                   = 5839372                                {pd product} {ergonomic}
    uintx NonProfiledCodeHeapSize                  = 122909434                              {pd product} {ergonomic}
    uintx ProfiledCodeHeapSize                     = 122909434                              {pd product} {ergonomic}
    uintx ReservedCodeCacheSize                    = 251658240                              {pd product} {ergonomic}
     bool SegmentedCodeCache                       = true                                      {product} {ergonomic}
   size_t SoftMaxHeapSize                          = 2105540608                             {manageable} {ergonomic}
     bool UseCompressedOops                        = true                           {product lp64_product} {ergonomic}
     bool UseG1GC                                  = true                                      {product} {ergonomic}
     bool UseLargePagesIndividualAllocation        = false                                  {pd product} {ergonomic}

Logging:
Log output configuration:
 #0: stdout all=warning uptime,level,tags foldmultilines=false
 #1: stderr all=off uptime,level,tags foldmultilines=false

Environment Variables:
JAVA_HOME=C:\Program Files\Java\jdk-21
PATH=C:\Program Files\Microsoft MPI\Bin\;C:\Windows\System32\HWAudioDriverLibs;C:\Windows\system32;C:\Windows;C:\Windows\System32\Wbem;C:\Windows\System32\WindowsPowerShell\v1.0\;C:\Windows\System32\OpenSSH\;C:\Program Files (x86)\VMware\VMware Workstation\bin\;C:\Windows\system32\config\systemprofile\AppData\Local\Microsoft\WindowsApps;C:\WINDOWS\system32;C:\WINDOWS;C:\WINDOWS\System32\Wbem;C:\WINDOWS\System32\WindowsPowerShell\v1.0\;C:\WINDOWS\System32\OpenSSH\;C:\Program Files\Git\cmd;C:\workspace\apache-maven-3.9.6-bin\apache-maven-3.9.6\bin;C:\Program Files\Java\jdk-21\bin;C:\Program Files\Graphviz\bin;C:\Program Files (x86)\Microsoft SQL Server\160\DTS\Binn\;C:\Program Files\Microsoft SQL Server\150\Tools\Binn\;C:\Program Files\Microsoft SQL Server\Client SDK\ODBC\170\Tools\Binn\;C:\Program Files (x86)\Microsoft SQL Server\160\Tools\Binn\;C:\Program Files\Microsoft SQL Server\160\Tools\Binn\;C:\Program Files\Microsoft SQL Server\160\DTS\Binn\;C:\Program Files\dotnet\;C:\Users\Juan Diego Cordoba F\AppData\Local\Microsoft\WindowsApps;C:\Users\Juan Diego Cordoba F\AppData\Local\GitHubDesktop\bin;C:\Users\Juan Diego Cordoba F\AppData\Local\Programs\Microsoft VS Code\bin;C:\Users\Juan Diego Cordoba F\.dotnet\tools
USERNAME=Juan Diego Cordoba F
OS=Windows_NT
PROCESSOR_IDENTIFIER=Intel64 Family 6 Model 142 Stepping 12, GenuineIntel
TMP=C:\Users\JUANDI~1\AppData\Local\Temp
TEMP=C:\Users\JUANDI~1\AppData\Local\Temp




Periodic native trim disabled

JNI global refs:
JNI global refs: 15, weak refs: 0

JNI global refs memory usage: 835, weak refs: 833

Process memory usage:
Resident Set Size: 80796K (0% of 8217904K total physical memory with 446452K free physical memory)

OOME stack traces (most recent first):
Classloader memory used:
Loader bootstrap                                                                       : 11274K
Loader jdk.internal.loader.ClassLoaders$AppClassLoader                                 : 3078K
Loader java.net.URLClassLoader                                                         : 2477K
Loader jdk.internal.loader.ClassLoaders$PlatformClassLoader                            : 108K

---------------  S Y S T E M  ---------------

OS:
 Windows 11 , 64 bit Build 26100 (10.0.26100.3912)
OS uptime: 2 days 9:08 hours

CPU: total 8 (initial active 8) (4 cores per cpu, 2 threads per core) family 6 model 142 stepping 12 microcode 0xde, cx8, cmov, fxsr, ht, mmx, 3dnowpref, sse, sse2, sse3, ssse3, sse4.1, sse4.2, popcnt, lzcnt, tsc, tscinvbit, avx, avx2, aes, erms, clmul, bmi1, bmi2, adx, fma, vzeroupper, clflush, clflushopt, rdtscp, f16c
Processor Information for all 8 processors :
  Max Mhz: 2112, Current Mhz: 2112, Mhz Limit: 1605

Memory: 4k page, system-wide physical 8025M (430M free)
TotalPageFile size 32601M (AvailPageFile size 0M)
current process WorkingSet (physical memory assigned to process): 79M, peak: 79M
current process commit charge ("private bytes"): 220M, peak: 221M

vm_info: OpenJDK 64-Bit Server VM (21.0.3+-12282718-b509.11) for windows-amd64 JRE (21.0.3+-12282718-b509.11), built on 2024-08-27T17:34:15Z by "builder" with MS VC++ 16.10 / 16.11 (VS2019)

END.
